Info: Starting: Create block symbol file (.bsf)
Info: qsys-generate C:\Users\oiram\Desktop\VGA\sram.qsys --block-symbol-file --output-directory=C:\Users\oiram\Desktop\VGA\sram --family="MAX 10" --part=10M50DAF484C7G
Progress: Loading VGA/sram.qsys
Progress: Reading input file
Progress: Adding sram_0 [altera_up_avalon_sram 18.0]
Progress: Parameterizing module sram_0
Progress: Building connections
Progress: Parameterizing connections
Progress: Validating
Progress: Done reading input file
Info: qsys-generate succeeded.
Info: Finished: Create block symbol file (.bsf)
Info: 
Info: Starting: Create HDL design files for synthesis
Info: qsys-generate C:\Users\oiram\Desktop\VGA\sram.qsys --synthesis=VHDL --output-directory=C:\Users\oiram\Desktop\VGA\sram\synthesis --family="MAX 10" --part=10M50DAF484C7G
Progress: Loading VGA/sram.qsys
Progress: Reading input file
Progress: Adding sram_0 [altera_up_avalon_sram 18.0]
Progress: Parameterizing module sram_0
Progress: Building connections
Progress: Parameterizing connections
Progress: Validating
Progress: Done reading input file
Info: sram: Generating sram "sram" for QUARTUS_SYNTH
Info: sram_0: Starting Generation of the SRAM Controller
Info: sram_0: "sram" instantiated altera_up_avalon_sram "sram_0"
Info: sram: Done "sram" with 2 modules, 2 files
Info: qsys-generate succeeded.
Info: Finished: Create HDL design files for synthesis
