Info: Starting: Create simulation model
Info: qsys-generate C:\Users\oiram\Desktop\VGA\unsaved.qsys --simulation=VHDL --allow-mixed-language-simulation --output-directory=C:\Users\oiram\Desktop\VGA\ADC_FINAL\simulation --family="MAX 10" --part=10M50DAF484C7G
Progress: Loading VGA/unsaved.qsys
Progress: Reading input file
Progress: Adding adc_0 [altera_up_avalon_adc 18.0]
Progress: Parameterizing module adc_0
Progress: Adding clk_0 [clock_source 20.1]
Progress: Parameterizing module clk_0
Progress: Building connections
Progress: Parameterizing connections
Progress: Validating
Progress: Done reading input file
Warning: unsaved.adc_0: adc_0.adc_slave must be connected to an Avalon-MM master
Info: unsaved: Generating unsaved "unsaved" for SIM_VHDL
Info: adc_0: Starting Generation of ADC Controller for DE-series Board
Warning: adc_0: add_file from generate callback added file altera_modular_adc_control.v with wrong prefix; use [get_generation_property output_name] to get correct prefix
Warning: adc_0: add_file on static file C:/intelfpga_lite/20.1/ip/altera/university_program/input_output/altera_up_avalon_adc/hdl/de10/altera_modular_adc_control.v from generate callback is unsafe; add static files from main program
Warning: adc_0: add_file from generate callback added file altera_modular_adc_control_avrg_fifo.v with wrong prefix; use [get_generation_property output_name] to get correct prefix
Warning: adc_0: add_file on static file C:/intelfpga_lite/20.1/ip/altera/university_program/input_output/altera_up_avalon_adc/hdl/de10/altera_modular_adc_control_avrg_fifo.v from generate callback is unsafe; add static files from main program
Warning: adc_0: add_file from generate callback added file altera_modular_adc_control_fsm.v with wrong prefix; use [get_generation_property output_name] to get correct prefix
Warning: adc_0: add_file on static file C:/intelfpga_lite/20.1/ip/altera/university_program/input_output/altera_up_avalon_adc/hdl/de10/altera_modular_adc_control_fsm.v from generate callback is unsafe; add static files from main program
Warning: adc_0: add_file from generate callback added file altera_modular_adc_sample_store.v with wrong prefix; use [get_generation_property output_name] to get correct prefix
Warning: adc_0: add_file on static file C:/intelfpga_lite/20.1/ip/altera/university_program/input_output/altera_up_avalon_adc/hdl/de10/altera_modular_adc_sample_store.v from generate callback is unsafe; add static files from main program
Warning: adc_0: add_file from generate callback added file altera_modular_adc_sample_store_ram.v with wrong prefix; use [get_generation_property output_name] to get correct prefix
Warning: adc_0: add_file on static file C:/intelfpga_lite/20.1/ip/altera/university_program/input_output/altera_up_avalon_adc/hdl/de10/altera_modular_adc_sample_store_ram.v from generate callback is unsafe; add static files from main program
Warning: adc_0: add_file from generate callback added file altera_modular_adc_sequencer.v with wrong prefix; use [get_generation_property output_name] to get correct prefix
Warning: adc_0: add_file on static file C:/intelfpga_lite/20.1/ip/altera/university_program/input_output/altera_up_avalon_adc/hdl/de10/altera_modular_adc_sequencer.v from generate callback is unsafe; add static files from main program
Warning: adc_0: add_file from generate callback added file altera_modular_adc_sequencer_csr.v with wrong prefix; use [get_generation_property output_name] to get correct prefix
Warning: adc_0: add_file on static file C:/intelfpga_lite/20.1/ip/altera/university_program/input_output/altera_up_avalon_adc/hdl/de10/altera_modular_adc_sequencer_csr.v from generate callback is unsafe; add static files from main program
Warning: adc_0: add_file from generate callback added file altera_modular_adc_sequencer_ctrl.v with wrong prefix; use [get_generation_property output_name] to get correct prefix
Warning: adc_0: add_file on static file C:/intelfpga_lite/20.1/ip/altera/university_program/input_output/altera_up_avalon_adc/hdl/de10/altera_modular_adc_sequencer_ctrl.v from generate callback is unsafe; add static files from main program
Warning: adc_0: add_file from generate callback added file chsel_code_converter_sw_to_hw.v with wrong prefix; use [get_generation_property output_name] to get correct prefix
Warning: adc_0: add_file on static file C:/intelfpga_lite/20.1/ip/altera/university_program/input_output/altera_up_avalon_adc/hdl/de10/chsel_code_converter_sw_to_hw.v from generate callback is unsafe; add static files from main program
Warning: adc_0: add_file from generate callback added file DE10_Lite_ADC_Core_modular_adc_0.v with wrong prefix; use [get_generation_property output_name] to get correct prefix
Warning: adc_0: add_file on static file C:/intelfpga_lite/20.1/ip/altera/university_program/input_output/altera_up_avalon_adc/hdl/de10/DE10_Lite_ADC_Core_modular_adc_0.v from generate callback is unsafe; add static files from main program
Warning: adc_0: add_file from generate callback added file fiftyfivenm_adcblock_primitive_wrapper.v with wrong prefix; use [get_generation_property output_name] to get correct prefix
Warning: adc_0: add_file on static file C:/intelfpga_lite/20.1/ip/altera/university_program/input_output/altera_up_avalon_adc/hdl/de10/fiftyfivenm_adcblock_primitive_wrapper.v from generate callback is unsafe; add static files from main program
Warning: adc_0: add_file from generate callback added file fiftyfivenm_adcblock_top_wrapper.v with wrong prefix; use [get_generation_property output_name] to get correct prefix
Warning: adc_0: add_file on static file C:/intelfpga_lite/20.1/ip/altera/university_program/input_output/altera_up_avalon_adc/hdl/de10/fiftyfivenm_adcblock_top_wrapper.v from generate callback is unsafe; add static files from main program
Info: adc_0: C:/intelfpga_lite/20.1/ip/altera/university_program/input_output/altera_up_avalon_adc/hdl/altera_up_avalon_adv_adc.v C:/intelfpga_lite/20.1/ip/altera/university_program/input_output/altera_up_avalon_adc/hdl/de10/altera_modular_adc_control.v C:/intelfpga_lite/20.1/ip/altera/university_program/input_output/altera_up_avalon_adc/hdl/de10/altera_modular_adc_control_avrg_fifo.v C:/intelfpga_lite/20.1/ip/altera/university_program/input_output/altera_up_avalon_adc/hdl/de10/altera_modular_adc_control_fsm.v C:/intelfpga_lite/20.1/ip/altera/university_program/input_output/altera_up_avalon_adc/hdl/de10/altera_modular_adc_sample_store.v C:/intelfpga_lite/20.1/ip/altera/university_program/input_output/altera_up_avalon_adc/hdl/de10/altera_modular_adc_sample_store_ram.v C:/intelfpga_lite/20.1/ip/altera/university_program/input_output/altera_up_avalon_adc/hdl/de10/altera_modular_adc_sequencer.v C:/intelfpga_lite/20.1/ip/altera/university_program/input_output/altera_up_avalon_adc/hdl/de10/altera_modular_adc_sequencer_csr.v C:/intelfpga_lite/20.1/ip/altera/university_program/input_output/altera_up_avalon_adc/hdl/de10/altera_modular_adc_sequencer_ctrl.v C:/intelfpga_lite/20.1/ip/altera/university_program/input_output/altera_up_avalon_adc/hdl/de10/chsel_code_converter_sw_to_hw.v C:/intelfpga_lite/20.1/ip/altera/university_program/input_output/altera_up_avalon_adc/hdl/de10/DE10_Lite_ADC_Core_modular_adc_0.v C:/intelfpga_lite/20.1/ip/altera/university_program/input_output/altera_up_avalon_adc/hdl/de10/fiftyfivenm_adcblock_primitive_wrapper.v C:/intelfpga_lite/20.1/ip/altera/university_program/input_output/altera_up_avalon_adc/hdl/de10/fiftyfivenm_adcblock_top_wrapper.v C:/Users/oiram/AppData/Local/Temp/alt8962_1078077368449649353.dir/0002_sopcgen/unsaved_adc_0.v
Warning: adc_0: No files generated for fileset SIM_VHDL
Info: adc_0: "unsaved" instantiated altera_up_avalon_adc "adc_0"
Info: rst_controller: "unsaved" instantiated altera_reset_controller "rst_controller"
Info: unsaved: Done "unsaved" with 3 modules, 4 files
Info: qsys-generate succeeded.
Info: Finished: Create simulation model
Info: Starting: Create Modelsim Project.
Info: sim-script-gen --spd=C:\Users\oiram\Desktop\VGA\ADC_FINAL\unsaved.spd --output-directory=C:/Users/oiram/Desktop/VGA/ADC_FINAL/simulation/ --use-relative-paths=true
Info: Doing: ip-make-simscript --spd=C:\Users\oiram\Desktop\VGA\ADC_FINAL\unsaved.spd --output-directory=C:/Users/oiram/Desktop/VGA/ADC_FINAL/simulation/ --use-relative-paths=true
Info: Generating the following file(s) for MODELSIM simulator in C:/Users/oiram/Desktop/VGA/ADC_FINAL/simulation/ directory:
Info: 	mentor/msim_setup.tcl
Info: Skipping VCS script generation since VHDL file $QUARTUS_INSTALL_DIR/eda/sim_lib/altera_syn_attributes.vhd is required for simulation
Info: Generating the following file(s) for VCSMX simulator in C:/Users/oiram/Desktop/VGA/ADC_FINAL/simulation/ directory:
Info: 	synopsys/vcsmx/synopsys_sim.setup
Info: 	synopsys/vcsmx/vcsmx_setup.sh
Info: Generating the following file(s) for NCSIM simulator in C:/Users/oiram/Desktop/VGA/ADC_FINAL/simulation/ directory:
Info: 	cadence/cds.lib
Info: 	cadence/hdl.var
Info: 	cadence/ncsim_setup.sh
Info: 	1 .cds.lib files in cadence/cds_libs/ directory
Info: Generating the following file(s) for RIVIERA simulator in C:/Users/oiram/Desktop/VGA/ADC_FINAL/simulation/ directory:
Info: 	aldec/rivierapro_setup.tcl
Info: For information on how to simulate your IP, see the explanatory comments in the simulator-specific subdirectories under C:/Users/oiram/Desktop/VGA/ADC_FINAL/simulation/.
Info: Regenerate these scripts whenever you make any change to any Quartus-generated IP in your project.
Info: Finished: Create Modelsim Project.
Info: Starting: Create block symbol file (.bsf)
Info: qsys-generate C:\Users\oiram\Desktop\VGA\unsaved.qsys --block-symbol-file --output-directory=C:\Users\oiram\Desktop\VGA\ADC_FINAL --family="MAX 10" --part=10M50DAF484C7G
Progress: Loading VGA/unsaved.qsys
Progress: Reading input file
Progress: Adding adc_0 [altera_up_avalon_adc 18.0]
Progress: Parameterizing module adc_0
Progress: Adding clk_0 [clock_source 20.1]
Progress: Parameterizing module clk_0
Progress: Building connections
Progress: Parameterizing connections
Progress: Validating
Progress: Done reading input file
Warning: unsaved.adc_0: adc_0.adc_slave must be connected to an Avalon-MM master
Info: qsys-generate succeeded.
Info: Finished: Create block symbol file (.bsf)
Info: 
Info: Starting: Create HDL design files for synthesis
Info: qsys-generate C:\Users\oiram\Desktop\VGA\unsaved.qsys --synthesis=VHDL --output-directory=C:\Users\oiram\Desktop\VGA\ADC_FINAL\synthesis --family="MAX 10" --part=10M50DAF484C7G
Progress: Loading VGA/unsaved.qsys
Progress: Reading input file
Progress: Adding adc_0 [altera_up_avalon_adc 18.0]
Progress: Parameterizing module adc_0
Progress: Adding clk_0 [clock_source 20.1]
Progress: Parameterizing module clk_0
Progress: Building connections
Progress: Parameterizing connections
Progress: Validating
Progress: Done reading input file
Warning: unsaved.adc_0: adc_0.adc_slave must be connected to an Avalon-MM master
Info: unsaved: Generating unsaved "unsaved" for QUARTUS_SYNTH
Info: adc_0: Starting Generation of ADC Controller for DE-series Board
Warning: adc_0: add_file from generate callback added file altera_modular_adc_control.v with wrong prefix; use [get_generation_property output_name] to get correct prefix
Warning: adc_0: add_file on static file C:/intelfpga_lite/20.1/ip/altera/university_program/input_output/altera_up_avalon_adc/hdl/de10/altera_modular_adc_control.v from generate callback is unsafe; add static files from main program
Warning: adc_0: add_file from generate callback added file altera_modular_adc_control_avrg_fifo.v with wrong prefix; use [get_generation_property output_name] to get correct prefix
Warning: adc_0: add_file on static file C:/intelfpga_lite/20.1/ip/altera/university_program/input_output/altera_up_avalon_adc/hdl/de10/altera_modular_adc_control_avrg_fifo.v from generate callback is unsafe; add static files from main program
Warning: adc_0: add_file from generate callback added file altera_modular_adc_control_fsm.v with wrong prefix; use [get_generation_property output_name] to get correct prefix
Warning: adc_0: add_file on static file C:/intelfpga_lite/20.1/ip/altera/university_program/input_output/altera_up_avalon_adc/hdl/de10/altera_modular_adc_control_fsm.v from generate callback is unsafe; add static files from main program
Warning: adc_0: add_file from generate callback added file altera_modular_adc_sample_store.v with wrong prefix; use [get_generation_property output_name] to get correct prefix
Warning: adc_0: add_file on static file C:/intelfpga_lite/20.1/ip/altera/university_program/input_output/altera_up_avalon_adc/hdl/de10/altera_modular_adc_sample_store.v from generate callback is unsafe; add static files from main program
Warning: adc_0: add_file from generate callback added file altera_modular_adc_sample_store_ram.v with wrong prefix; use [get_generation_property output_name] to get correct prefix
Warning: adc_0: add_file on static file C:/intelfpga_lite/20.1/ip/altera/university_program/input_output/altera_up_avalon_adc/hdl/de10/altera_modular_adc_sample_store_ram.v from generate callback is unsafe; add static files from main program
Warning: adc_0: add_file from generate callback added file altera_modular_adc_sequencer.v with wrong prefix; use [get_generation_property output_name] to get correct prefix
Warning: adc_0: add_file on static file C:/intelfpga_lite/20.1/ip/altera/university_program/input_output/altera_up_avalon_adc/hdl/de10/altera_modular_adc_sequencer.v from generate callback is unsafe; add static files from main program
Warning: adc_0: add_file from generate callback added file altera_modular_adc_sequencer_csr.v with wrong prefix; use [get_generation_property output_name] to get correct prefix
Warning: adc_0: add_file on static file C:/intelfpga_lite/20.1/ip/altera/university_program/input_output/altera_up_avalon_adc/hdl/de10/altera_modular_adc_sequencer_csr.v from generate callback is unsafe; add static files from main program
Warning: adc_0: add_file from generate callback added file altera_modular_adc_sequencer_ctrl.v with wrong prefix; use [get_generation_property output_name] to get correct prefix
Warning: adc_0: add_file on static file C:/intelfpga_lite/20.1/ip/altera/university_program/input_output/altera_up_avalon_adc/hdl/de10/altera_modular_adc_sequencer_ctrl.v from generate callback is unsafe; add static files from main program
Warning: adc_0: add_file from generate callback added file chsel_code_converter_sw_to_hw.v with wrong prefix; use [get_generation_property output_name] to get correct prefix
Warning: adc_0: add_file on static file C:/intelfpga_lite/20.1/ip/altera/university_program/input_output/altera_up_avalon_adc/hdl/de10/chsel_code_converter_sw_to_hw.v from generate callback is unsafe; add static files from main program
Warning: adc_0: add_file from generate callback added file DE10_Lite_ADC_Core_modular_adc_0.v with wrong prefix; use [get_generation_property output_name] to get correct prefix
Warning: adc_0: add_file on static file C:/intelfpga_lite/20.1/ip/altera/university_program/input_output/altera_up_avalon_adc/hdl/de10/DE10_Lite_ADC_Core_modular_adc_0.v from generate callback is unsafe; add static files from main program
Warning: adc_0: add_file from generate callback added file fiftyfivenm_adcblock_primitive_wrapper.v with wrong prefix; use [get_generation_property output_name] to get correct prefix
Warning: adc_0: add_file on static file C:/intelfpga_lite/20.1/ip/altera/university_program/input_output/altera_up_avalon_adc/hdl/de10/fiftyfivenm_adcblock_primitive_wrapper.v from generate callback is unsafe; add static files from main program
Warning: adc_0: add_file from generate callback added file fiftyfivenm_adcblock_top_wrapper.v with wrong prefix; use [get_generation_property output_name] to get correct prefix
Warning: adc_0: add_file on static file C:/intelfpga_lite/20.1/ip/altera/university_program/input_output/altera_up_avalon_adc/hdl/de10/fiftyfivenm_adcblock_top_wrapper.v from generate callback is unsafe; add static files from main program
Info: adc_0: C:/intelfpga_lite/20.1/ip/altera/university_program/input_output/altera_up_avalon_adc/hdl/altera_up_avalon_adv_adc.v C:/intelfpga_lite/20.1/ip/altera/university_program/input_output/altera_up_avalon_adc/hdl/de10/altera_modular_adc_control.v C:/intelfpga_lite/20.1/ip/altera/university_program/input_output/altera_up_avalon_adc/hdl/de10/altera_modular_adc_control_avrg_fifo.v C:/intelfpga_lite/20.1/ip/altera/university_program/input_output/altera_up_avalon_adc/hdl/de10/altera_modular_adc_control_fsm.v C:/intelfpga_lite/20.1/ip/altera/university_program/input_output/altera_up_avalon_adc/hdl/de10/altera_modular_adc_sample_store.v C:/intelfpga_lite/20.1/ip/altera/university_program/input_output/altera_up_avalon_adc/hdl/de10/altera_modular_adc_sample_store_ram.v C:/intelfpga_lite/20.1/ip/altera/university_program/input_output/altera_up_avalon_adc/hdl/de10/altera_modular_adc_sequencer.v C:/intelfpga_lite/20.1/ip/altera/university_program/input_output/altera_up_avalon_adc/hdl/de10/altera_modular_adc_sequencer_csr.v C:/intelfpga_lite/20.1/ip/altera/university_program/input_output/altera_up_avalon_adc/hdl/de10/altera_modular_adc_sequencer_ctrl.v C:/intelfpga_lite/20.1/ip/altera/university_program/input_output/altera_up_avalon_adc/hdl/de10/chsel_code_converter_sw_to_hw.v C:/intelfpga_lite/20.1/ip/altera/university_program/input_output/altera_up_avalon_adc/hdl/de10/DE10_Lite_ADC_Core_modular_adc_0.v C:/intelfpga_lite/20.1/ip/altera/university_program/input_output/altera_up_avalon_adc/hdl/de10/fiftyfivenm_adcblock_primitive_wrapper.v C:/intelfpga_lite/20.1/ip/altera/university_program/input_output/altera_up_avalon_adc/hdl/de10/fiftyfivenm_adcblock_top_wrapper.v C:/Users/oiram/AppData/Local/Temp/alt8962_1078077368449649353.dir/0007_sopcgen/unsaved_adc_0.v
Info: adc_0: "unsaved" instantiated altera_up_avalon_adc "adc_0"
Info: rst_controller: "unsaved" instantiated altera_reset_controller "rst_controller"
Info: unsaved: Done "unsaved" with 3 modules, 18 files
Info: qsys-generate succeeded.
Info: Finished: Create HDL design files for synthesis
